make debug 
make -f Makefile.Debug
make[1]: Entering directory `/home/Student/workspace/2431/test2'
g++ -c -pipe -g -Wall -W -D_REENTRANT -DQT_GUI_LIB -DQT_CORE_LIB -DQT_SHARED -I/usr/lib64/qt4/mkspecs/linux-g++ -I. -I/usr/include/QtCore -I/usr/include/QtGui -I/usr/include -Idebug -I. -o debug/main.o main.cpp
main.cpp: In function ‘int main(int, char**)’:
main.cpp:39:5: error: ‘test2’ was not declared in this scope
make[1]: Leaving directory `/home/Student/workspace/2431/test2'
main.cpp:39:11: error: expected ‘;’ before ‘w’
main.cpp:40:5: error: ‘w’ was not declared in this scope
make[1]: *** [debug/main.o] Error 1
make: *** [debug] Error 2
